# JRE version: OpenJDK Runtime Environment (8.0_152-b01) (build 1.8.0_152-release-1136-b01)
# Java VM: OpenJDK 64-Bit Server VM (25.152-b01 mixed mode windows-amd64 compressed oops)
Heap:
 PSYoungGen      total 225792K, used 104867K [0x00000000e0000000, 0x00000000ef580000, 0x0000000100000000)
  eden space 212480K, 43% used [0x00000000e0000000,0x00000000e596db78,0x00000000ecf80000)
  from space 13312K, 99% used [0x00000000ee880000,0x00000000ef57b1f0,0x00000000ef580000)
  to   space 15872K, 0% used [0x00000000ed680000,0x00000000ed680000,0x00000000ee600000)
 ParOldGen       total 49664K, used 19376K [0x00000000a0000000, 0x00000000a3080000, 0x00000000e0000000)
  object space 49664K, 39% used [0x00000000a0000000,0x00000000a12ec2a8,0x00000000a3080000)
 Metaspace       used 50675K, capacity 52050K, committed 52352K, reserved 1093632K
  class space    used 6906K, capacity 7238K, committed 7296K, reserved 1048576K
GC Heap History (10 events):
Event: 36.009 GC heap before
{Heap before GC invocations=6 (full 1):
 PSYoungGen      total 66048K, used 2528K [0x00000000e0000000, 0x00000000e9100000, 0x0000000100000000)
  eden space 63488K, 0% used [0x00000000e0000000,0x00000000e0000000,0x00000000e3e00000)
  from space 2560K, 98% used [0x00000000e3e00000,0x00000000e4078020,0x00000000e4080000)
  to   space 10752K, 0% used [0x00000000e8680000,0x00000000e8680000,0x00000000e9100000)
 ParOldGen       total 42496K, used 13804K [0x00000000a0000000, 0x00000000a2980000, 0x00000000e0000000)
  object space 42496K, 32% used [0x00000000a0000000,0x00000000a0d7b068,0x00000000a2980000)
 Metaspace       used 20826K, capacity 21244K, committed 21248K, reserved 1067008K
  class space    used 2919K, capacity 3072K, committed 3072K, reserved 1048576K
Event: 36.212 GC heap after
Heap after GC invocations=6 (full 1):
 PSYoungGen      total 66048K, used 0K [0x00000000e0000000, 0x00000000e9100000, 0x0000000100000000)
  eden space 63488K, 0% used [0x00000000e0000000,0x00000000e0000000,0x00000000e3e00000)
  from space 2560K, 0% used [0x00000000e3e00000,0x00000000e3e00000,0x00000000e4080000)
  to   space 10752K, 0% used [0x00000000e8680000,0x00000000e8680000,0x00000000e9100000)
 ParOldGen       total 40448K, used 13555K [0x00000000a0000000, 0x00000000a2780000, 0x00000000e0000000)
  object space 40448K, 33% used [0x00000000a0000000,0x00000000a0d3cd70,0x00000000a2780000)
 Metaspace       used 20826K, capacity 21244K, committed 21248K, reserved 1067008K
  class space    used 2919K, capacity 3072K, committed 3072K, reserved 1048576K
}
Event: 41.460 GC heap before
{Heap before GC invocations=7 (full 1):
 PSYoungGen      total 66048K, used 63488K [0x00000000e0000000, 0x00000000e9100000, 0x0000000100000000)
  eden space 63488K, 100% used [0x00000000e0000000,0x00000000e3e00000,0x00000000e3e00000)
  from space 2560K, 0% used [0x00000000e3e00000,0x00000000e3e00000,0x00000000e4080000)
  to   space 10752K, 0% used [0x00000000e8680000,0x00000000e8680000,0x00000000e9100000)
 ParOldGen       total 40448K, used 13555K [0x00000000a0000000, 0x00000000a2780000, 0x00000000e0000000)
  object space 40448K, 33% used [0x00000000a0000000,0x00000000a0d3cd70,0x00000000a2780000)
 Metaspace       used 26538K, capacity 26966K, committed 27136K, reserved 1073152K
  class space    used 3636K, capacity 3797K, committed 3840K, reserved 1048576K
Event: 42.142 GC heap after
Heap after GC invocations=7 (full 1):
 PSYoungGen      total 127488K, used 6768K [0x00000000e0000000, 0x00000000e8d80000, 0x0000000100000000)
  eden space 120320K, 0% used [0x00000000e0000000,0x00000000e0000000,0x00000000e7580000)
  from space 7168K, 94% used [0x00000000e8680000,0x00000000e8d1c308,0x00000000e8d80000)
  to   space 10752K, 0% used [0x00000000e7880000,0x00000000e7880000,0x00000000e8300000)
 ParOldGen       total 40448K, used 13563K [0x00000000a0000000, 0x00000000a2780000, 0x00000000e0000000)
  object space 40448K, 33% used [0x00000000a0000000,0x00000000a0d3ed70,0x00000000a2780000)
 Metaspace       used 26538K, capacity 26966K, committed 27136K, reserved 1073152K
  class space    used 3636K, capacity 3797K, committed 3840K, reserved 1048576K
}
Event: 55.304 GC heap before
{Heap before GC invocations=8 (full 1):
 PSYoungGen      total 127488K, used 102350K [0x00000000e0000000, 0x00000000e8d80000, 0x0000000100000000)
  eden space 120320K, 79% used [0x00000000e0000000,0x00000000e5d575e0,0x00000000e7580000)
  from space 7168K, 94% used [0x00000000e8680000,0x00000000e8d1c308,0x00000000e8d80000)
  to   space 10752K, 0% used [0x00000000e7880000,0x00000000e7880000,0x00000000e8300000)
 ParOldGen       total 40448K, used 13563K [0x00000000a0000000, 0x00000000a2780000, 0x00000000e0000000)
  object space 40448K, 33% used [0x00000000a0000000,0x00000000a0d3ed70,0x00000000a2780000)
 Metaspace       used 34693K, capacity 35298K, committed 35416K, reserved 1079296K
  class space    used 4806K, capacity 5021K, committed 5120K, reserved 1048576K
Event: 55.387 GC heap after
Heap after GC invocations=8 (full 1):
 PSYoungGen      total 134144K, used 10732K [0x00000000e0000000, 0x00000000ef580000, 0x0000000100000000)
  eden space 123392K, 0% used [0x00000000e0000000,0x00000000e0000000,0x00000000e7880000)
  from space 10752K, 99% used [0x00000000e7880000,0x00000000e82fb048,0x00000000e8300000)
  to   space 13312K, 0% used [0x00000000ee880000,0x00000000ee880000,0x00000000ef580000)
 ParOldGen       total 40448K, used 15591K [0x00000000a0000000, 0x00000000a2780000, 0x00000000e0000000)
  object space 40448K, 38% used [0x00000000a0000000,0x00000000a0f39e88,0x00000000a2780000)
 Metaspace       used 34693K, capacity 35298K, committed 35416K, reserved 1079296K
  class space    used 4806K, capacity 5021K, committed 5120K, reserved 1048576K
}
Event: 55.387 GC heap before
{Heap before GC invocations=9 (full 2):
 PSYoungGen      total 134144K, used 10732K [0x00000000e0000000, 0x00000000ef580000, 0x0000000100000000)
  eden space 123392K, 0% used [0x00000000e0000000,0x00000000e0000000,0x00000000e7880000)
  from space 10752K, 99% used [0x00000000e7880000,0x00000000e82fb048,0x00000000e8300000)
  to   space 13312K, 0% used [0x00000000ee880000,0x00000000ee880000,0x00000000ef580000)
 ParOldGen       total 40448K, used 15591K [0x00000000a0000000, 0x00000000a2780000, 0x00000000e0000000)
  object space 40448K, 38% used [0x00000000a0000000,0x00000000a0f39e88,0x00000000a2780000)
 Metaspace       used 34693K, capacity 35298K, committed 35416K, reserved 1079296K
  class space    used 4806K, capacity 5021K, committed 5120K, reserved 1048576K
Event: 55.720 GC heap after
Heap after GC invocations=9 (full 2):
 PSYoungGen      total 134144K, used 0K [0x00000000e0000000, 0x00000000ef580000, 0x0000000100000000)
  eden space 123392K, 0% used [0x00000000e0000000,0x00000000e0000000,0x00000000e7880000)
  from space 10752K, 0% used [0x00000000e7880000,0x00000000e7880000,0x00000000e8300000)
  to   space 13312K, 0% used [0x00000000ee880000,0x00000000ee880000,0x00000000ef580000)
 ParOldGen       total 49664K, used 19069K [0x00000000a0000000, 0x00000000a3080000, 0x00000000e0000000)
  object space 49664K, 38% used [0x00000000a0000000,0x00000000a129f560,0x00000000a3080000)
 Metaspace       used 34693K, capacity 35298K, committed 35416K, reserved 1079296K
  class space    used 4806K, capacity 5021K, committed 5120K, reserved 1048576K
}
Event: 62.924 GC heap before
{Heap before GC invocations=10 (full 2):
 PSYoungGen      total 134144K, used 123392K [0x00000000e0000000, 0x00000000ef580000, 0x0000000100000000)
  eden space 123392K, 100% used [0x00000000e0000000,0x00000000e7880000,0x00000000e7880000)
  from space 10752K, 0% used [0x00000000e7880000,0x00000000e7880000,0x00000000e8300000)
  to   space 13312K, 0% used [0x00000000ee880000,0x00000000ee880000,0x00000000ef580000)
 ParOldGen       total 49664K, used 19069K [0x00000000a0000000, 0x00000000a3080000, 0x00000000e0000000)
  object space 49664K, 38% used [0x00000000a0000000,0x00000000a129f560,0x00000000a3080000)
 Metaspace       used 42632K, capacity 43424K, committed 43520K, reserved 1087488K
  class space    used 5865K, capacity 6135K, committed 6144K, reserved 1048576K
Event: 62.982 GC heap after
Heap after GC invocations=10 (full 2):
 PSYoungGen      total 225792K, used 13292K [0x00000000e0000000, 0x00000000ef580000, 0x0000000100000000)
  eden space 212480K, 0% used [0x00000000e0000000,0x00000000e0000000,0x00000000ecf80000)
  from space 13312K, 99% used [0x00000000ee880000,0x00000000ef57b1f0,0x00000000ef580000)
  to   space 15872K, 0% used [0x00000000ed680000,0x00000000ed680000,0x00000000ee600000)
 ParOldGen       total 49664K, used 19376K [0x00000000a0000000, 0x00000000a3080000, 0x00000000e0000000)
  object space 49664K, 39% used [0x00000000a0000000,0x00000000a12ec2a8,0x00000000a3080000)
 Metaspace       used 42632K, capacity 43424K, committed 43520K, reserved 1087488K
  class space    used 5865K, capacity 6135K, committed 6144K, reserved 1048576K
}

