# JRE version: OpenJDK Runtime Environment (8.0_152-b01) (build 1.8.0_152-release-1136-b01)
# Java VM: OpenJDK 64-Bit Server VM (25.152-b01 mixed mode windows-amd64 compressed oops)
Heap:
 PSYoungGen      total 221696K, used 25837K [0x00000000e0000000, 0x00000000f3580000, 0x0000000100000000)
  eden space 203264K, 3% used [0x00000000e0000000,0x00000000e0742618,0x00000000ec680000)
  from space 18432K, 99% used [0x00000000ec680000,0x00000000ed878e28,0x00000000ed880000)
  to   space 22528K, 0% used [0x00000000f1f80000,0x00000000f1f80000,0x00000000f3580000)
 ParOldGen       total 73728K, used 34383K [0x00000000a0000000, 0x00000000a4800000, 0x00000000e0000000)
  object space 73728K, 46% used [0x00000000a0000000,0x00000000a2193f50,0x00000000a4800000)
 Metaspace       used 73766K, capacity 76200K, committed 76416K, reserved 1116160K
  class space    used 9748K, capacity 10289K, committed 10368K, reserved 1048576K
GC Heap History (10 events):
Event: 25.915 GC heap before
{Heap before GC invocations=12 (full 2):
 PSYoungGen      total 131584K, used 122880K [0x00000000e0000000, 0x00000000ea900000, 0x0000000100000000)
  eden space 122880K, 100% used [0x00000000e0000000,0x00000000e7800000,0x00000000e7800000)
  from space 8704K, 0% used [0x00000000e7800000,0x00000000e7800000,0x00000000e8080000)
  to   space 11776K, 0% used [0x00000000e9d80000,0x00000000e9d80000,0x00000000ea900000)
 ParOldGen       total 52224K, used 19054K [0x00000000a0000000, 0x00000000a3300000, 0x00000000e0000000)
  object space 52224K, 36% used [0x00000000a0000000,0x00000000a129b878,0x00000000a3300000)
 Metaspace       used 42604K, capacity 43488K, committed 43520K, reserved 1087488K
  class space    used 5854K, capacity 6135K, committed 6144K, reserved 1048576K
Event: 26.030 GC heap after
Heap after GC invocations=12 (full 2):
 PSYoungGen      total 159232K, used 11748K [0x00000000e0000000, 0x00000000ebf80000, 0x0000000100000000)
  eden space 147456K, 0% used [0x00000000e0000000,0x00000000e0000000,0x00000000e9000000)
  from space 11776K, 99% used [0x00000000e9d80000,0x00000000ea8f9378,0x00000000ea900000)
  to   space 13824K, 0% used [0x00000000e9000000,0x00000000e9000000,0x00000000e9d80000)
 ParOldGen       total 52224K, used 20739K [0x00000000a0000000, 0x00000000a3300000, 0x00000000e0000000)
  object space 52224K, 39% used [0x00000000a0000000,0x00000000a1440ea0,0x00000000a3300000)
 Metaspace       used 42604K, capacity 43488K, committed 43520K, reserved 1087488K
  class space    used 5854K, capacity 6135K, committed 6144K, reserved 1048576K
}
Event: 36.541 GC heap before
{Heap before GC invocations=13 (full 2):
 PSYoungGen      total 159232K, used 159204K [0x00000000e0000000, 0x00000000ebf80000, 0x0000000100000000)
  eden space 147456K, 100% used [0x00000000e0000000,0x00000000e9000000,0x00000000e9000000)
  from space 11776K, 99% used [0x00000000e9d80000,0x00000000ea8f9378,0x00000000ea900000)
  to   space 13824K, 0% used [0x00000000e9000000,0x00000000e9000000,0x00000000e9d80000)
 ParOldGen       total 52224K, used 20739K [0x00000000a0000000, 0x00000000a3300000, 0x00000000e0000000)
  object space 52224K, 39% used [0x00000000a0000000,0x00000000a1440ea0,0x00000000a3300000)
 Metaspace       used 54703K, capacity 56298K, committed 56576K, reserved 1097728K
  class space    used 7515K, capacity 7866K, committed 7936K, reserved 1048576K
Event: 36.877 GC heap after
Heap after GC invocations=13 (full 2):
 PSYoungGen      total 161280K, used 13810K [0x00000000e0000000, 0x00000000eeb00000, 0x0000000100000000)
  eden space 147456K, 0% used [0x00000000e0000000,0x00000000e0000000,0x00000000e9000000)
  from space 13824K, 99% used [0x00000000e9000000,0x00000000e9d7cac8,0x00000000e9d80000)
  to   space 18944K, 0% used [0x00000000ed880000,0x00000000ed880000,0x00000000eeb00000)
 ParOldGen       total 52224K, used 28969K [0x00000000a0000000, 0x00000000a3300000, 0x00000000e0000000)
  object space 52224K, 55% used [0x00000000a0000000,0x00000000a1c4a458,0x00000000a3300000)
 Metaspace       used 54703K, capacity 56298K, committed 56576K, reserved 1097728K
  class space    used 7515K, capacity 7866K, committed 7936K, reserved 1048576K
}
Event: 45.136 GC heap before
{Heap before GC invocations=14 (full 2):
 PSYoungGen      total 161280K, used 91129K [0x00000000e0000000, 0x00000000eeb00000, 0x0000000100000000)
  eden space 147456K, 52% used [0x00000000e0000000,0x00000000e4b81940,0x00000000e9000000)
  from space 13824K, 99% used [0x00000000e9000000,0x00000000e9d7cac8,0x00000000e9d80000)
  to   space 18944K, 0% used [0x00000000ed880000,0x00000000ed880000,0x00000000eeb00000)
 ParOldGen       total 52224K, used 28969K [0x00000000a0000000, 0x00000000a3300000, 0x00000000e0000000)
  object space 52224K, 55% used [0x00000000a0000000,0x00000000a1c4a458,0x00000000a3300000)
 Metaspace       used 57214K, capacity 58888K, committed 59008K, reserved 1099776K
  class space    used 7785K, capacity 8219K, committed 8320K, reserved 1048576K
Event: 45.403 GC heap after
Heap after GC invocations=14 (full 2):
 PSYoungGen      total 222208K, used 4292K [0x00000000e0000000, 0x00000000eeb00000, 0x0000000100000000)
  eden space 203264K, 0% used [0x00000000e0000000,0x00000000e0000000,0x00000000ec680000)
  from space 18944K, 22% used [0x00000000ed880000,0x00000000edcb11f8,0x00000000eeb00000)
  to   space 18432K, 0% used [0x00000000ec680000,0x00000000ec680000,0x00000000ed880000)
 ParOldGen       total 52224K, used 35071K [0x00000000a0000000, 0x00000000a3300000, 0x00000000e0000000)
  object space 52224K, 67% used [0x00000000a0000000,0x00000000a223fd68,0x00000000a3300000)
 Metaspace       used 57214K, capacity 58888K, committed 59008K, reserved 1099776K
  class space    used 7785K, capacity 8219K, committed 8320K, reserved 1048576K
}
Event: 45.403 GC heap before
{Heap before GC invocations=15 (full 3):
 PSYoungGen      total 222208K, used 4292K [0x00000000e0000000, 0x00000000eeb00000, 0x0000000100000000)
  eden space 203264K, 0% used [0x00000000e0000000,0x00000000e0000000,0x00000000ec680000)
  from space 18944K, 22% used [0x00000000ed880000,0x00000000edcb11f8,0x00000000eeb00000)
  to   space 18432K, 0% used [0x00000000ec680000,0x00000000ec680000,0x00000000ed880000)
 ParOldGen       total 52224K, used 35071K [0x00000000a0000000, 0x00000000a3300000, 0x00000000e0000000)
  object space 52224K, 67% used [0x00000000a0000000,0x00000000a223fd68,0x00000000a3300000)
 Metaspace       used 57214K, capacity 58888K, committed 59008K, reserved 1099776K
  class space    used 7785K, capacity 8219K, committed 8320K, reserved 1048576K
Event: 45.904 GC heap after
Heap after GC invocations=15 (full 3):
 PSYoungGen      total 222208K, used 0K [0x00000000e0000000, 0x00000000eeb00000, 0x0000000100000000)
  eden space 203264K, 0% used [0x00000000e0000000,0x00000000e0000000,0x00000000ec680000)
  from space 18944K, 0% used [0x00000000ed880000,0x00000000ed880000,0x00000000eeb00000)
  to   space 18432K, 0% used [0x00000000ec680000,0x00000000ec680000,0x00000000ed880000)
 ParOldGen       total 73728K, used 31043K [0x00000000a0000000, 0x00000000a4800000, 0x00000000e0000000)
  object space 73728K, 42% used [0x00000000a0000000,0x00000000a1e50e10,0x00000000a4800000)
 Metaspace       used 57214K, capacity 58888K, committed 59008K, reserved 1099776K
  class space    used 7785K, capacity 8219K, committed 8320K, reserved 1048576K
}
Event: 187.128 GC heap before
{Heap before GC invocations=16 (full 3):
 PSYoungGen      total 222208K, used 203264K [0x00000000e0000000, 0x00000000eeb00000, 0x0000000100000000)
  eden space 203264K, 100% used [0x00000000e0000000,0x00000000ec680000,0x00000000ec680000)
  from space 18944K, 0% used [0x00000000ed880000,0x00000000ed880000,0x00000000eeb00000)
  to   space 18432K, 0% used [0x00000000ec680000,0x00000000ec680000,0x00000000ed880000)
 ParOldGen       total 73728K, used 31043K [0x00000000a0000000, 0x00000000a4800000, 0x00000000e0000000)
  object space 73728K, 42% used [0x00000000a0000000,0x00000000a1e50e10,0x00000000a4800000)
 Metaspace       used 73630K, capacity 76054K, committed 76160K, reserved 1116160K
  class space    used 9748K, capacity 10288K, committed 10368K, reserved 1048576K
Event: 187.374 GC heap after
Heap after GC invocations=16 (full 3):
 PSYoungGen      total 221696K, used 18403K [0x00000000e0000000, 0x00000000f3580000, 0x0000000100000000)
  eden space 203264K, 0% used [0x00000000e0000000,0x00000000e0000000,0x00000000ec680000)
  from space 18432K, 99% used [0x00000000ec680000,0x00000000ed878e28,0x00000000ed880000)
  to   space 22528K, 0% used [0x00000000f1f80000,0x00000000f1f80000,0x00000000f3580000)
 ParOldGen       total 73728K, used 34383K [0x00000000a0000000, 0x00000000a4800000, 0x00000000e0000000)
  object space 73728K, 46% used [0x00000000a0000000,0x00000000a2193f50,0x00000000a4800000)
 Metaspace       used 73630K, capacity 76054K, committed 76160K, reserved 1116160K
  class space    used 9748K, capacity 10288K, committed 10368K, reserved 1048576K
}

